<?xml version="1.0" encoding="UTF-8"?>
<!-- Generated by org.testng.reporters.JUnitXMLReporter -->
<testsuite ignored="0" hostname="PG0276X9" failures="1" tests="3" name=" Login DDT Test" time="33.207" errors="0" timestamp="2022-12-20T23:46:13 IST">
  <testcase classname="testCases.TC_001_LoginDDT" name="test_Login" time="6.441">
    <failure type="java.lang.AssertionError" message="expected [true] but found [false]">
      <![CDATA[java.lang.AssertionError: expected [true] but found [false]
at testCases.TC_001_LoginDDT.test_Login(TC_001_LoginDDT.java:50)
at java.base/java.util.ArrayList.forEach(ArrayList.java:1511)
... Removed 29 stack frames]]>
    </failure>
  </testcase> <!-- test_Login -->
  <testcase classname="testCases.TC_001_LoginDDT" name="test_Login" time="5.612"/>
  <testcase classname="testCases.TC_002_Search" name="test_search" time="10.873"/>
</testsuite> <!--  Login DDT Test -->
