<?xml version="1.0" encoding="UTF-8"?>
<!-- Generated by org.testng.reporters.JUnitXMLReporter -->
<testsuite ignored="0" hostname="PG0276X9" failures="1" tests="3" name=" Login DDT Test" time="25.332" errors="0" timestamp="2023-02-03T10:48:29 IST">
  <testcase classname="testCases.TC_001_LoginDDT" name="test_Login" time="7.465"/>
  <testcase classname="testCases.TC_001_LoginDDT" name="test_Login" time="5.607"/>
  <testcase classname="testCases.TC_002_Search" name="test_search" time="3.982">
    <failure type="java.lang.AssertionError" message="expected [true] but found [false]">
      <![CDATA[java.lang.AssertionError: expected [true] but found [false]
at testCases.TC_002_Search.test_search(TC_002_Search.java:32)
at java.base/java.util.ArrayList.forEach(ArrayList.java:1511)
... Removed 29 stack frames]]>
    </failure>
  </testcase> <!-- test_search -->
</testsuite> <!--  Login DDT Test -->
